<?xml version="1.0" encoding="UTF-8"?>
<!-- Generated by org.testng.reporters.JUnitReportReporter -->
<testsuite hostname="LTIN679133" failures="0" tests="2" name="Udemy.BeforeClassExample" time="0.010" errors="0" timestamp="2025-10-07T23:13:56 IST" skipped="0">
  <testcase classname="Udemy.BeforeClassExample" name="search" time="0.007"/>
  <testcase classname="Udemy.BeforeClassExample" name="advancedSearch" time="0.003"/>
</testsuite> <!-- Udemy.BeforeClassExample -->
