<?xml version="1.0" encoding="UTF-8"?>
<!-- Generated by org.testng.reporters.JUnitReportReporter -->
<testsuite hostname="LTIN679133" failures="0" tests="3" name="Udemy.LoginTests" time="0.013" errors="0" timestamp="2025-10-08T12:41:00 IST" skipped="0">
  <testcase classname="Udemy.LoginTests" name="loginByEmail" time="0.010"/>
  <testcase classname="Udemy.LoginTests" name="loginByfb" time="0.001"/>
  <testcase classname="Udemy.LoginTests" name="loginByx" time="0.002"/>
</testsuite> <!-- Udemy.LoginTests -->
