<?xml version="1.0" encoding="UTF-8"?>
<!-- Generated by org.testng.reporters.JUnitReportReporter -->
<testsuite hostname="LTIN679133" failures="0" tests="2" name="Udemy.PaymentTests" time="0.003" errors="0" timestamp="2025-10-08T12:41:00 IST" skipped="0">
  <testcase classname="Udemy.PaymentTests" name="paymentInrs" time="0.002"/>
  <testcase classname="Udemy.PaymentTests" name="paymentInDollars" time="0.001"/>
</testsuite> <!-- Udemy.PaymentTests -->
