<?xml version="1.0" encoding="UTF-8"?>
<!-- Generated by org.testng.reporters.JUnitReportReporter -->
<testsuite hostname="LTIN679133" failures="0" tests="1" name="BeforeTestExample.Demo2" time="0.001" errors="0" timestamp="2025-10-07T23:51:54 IST" skipped="0">
  <testcase classname="BeforeTestExample.Demo2" name="c2" time="0.001"/>
</testsuite> <!-- BeforeTestExample.Demo2 -->
