<?xml version="1.0" encoding="UTF-8"?>
<!-- Generated by org.testng.reporters.JUnitReportReporter -->
<testsuite hostname="LTIN679133" failures="0" tests="1" name="BeforeTestExample.Demo1" time="0.014" errors="0" timestamp="2025-10-07T23:51:54 IST" skipped="0">
  <testcase classname="BeforeTestExample.Demo1" name="c1" time="0.014"/>
</testsuite> <!-- BeforeTestExample.Demo1 -->
