<?xml version="1.0" encoding="UTF-8"?>
<!-- Generated by org.testng.reporters.JUnitReportReporter -->
<testsuite hostname="LTIN679133" failures="0" tests="2" name="Udemy.BeforeMethodExample" time="0.018" errors="0" timestamp="2025-10-07T23:06:16 IST" skipped="0">
  <testcase classname="Udemy.BeforeMethodExample" name="search" time="0.008"/>
  <testcase classname="Udemy.BeforeMethodExample" name="advancedSearch" time="0.010"/>
</testsuite> <!-- Udemy.BeforeMethodExample -->
