<?xml version="1.0" encoding="UTF-8"?>
<!-- Generated by org.testng.reporters.JUnitReportReporter -->
<testsuite hostname="LTIN679133" failures="0" tests="3" name="CognizantTestngPractice.ParameterExample" time="2.584" errors="0" timestamp="2025-10-13T22:48:18 IST" skipped="1">
  <testcase classname="CognizantTestngPractice.ParameterExample" name="Login" time="0.007"/>
  <testcase classname="CognizantTestngPractice.ParameterExample" name="signup" time="2.577"/>
  <testcase classname="CognizantTestngPractice.ParameterExample" name="skip">
    <skipped/>
  </testcase> <!-- skip -->
</testsuite> <!-- CognizantTestngPractice.ParameterExample -->
