<?xml version="1.0" encoding="UTF-8"?>
<!-- Generated by org.testng.reporters.JUnitReportReporter -->
<testsuite hostname="LTIN679133" failures="0" tests="3" name="Udemy.SignUpTests" time="0.006" errors="0" timestamp="2025-10-08T12:41:00 IST" skipped="0">
  <testcase classname="Udemy.SignUpTests" name="signByEmail" time="0.003"/>
  <testcase classname="Udemy.SignUpTests" name="signByfb" time="0.001"/>
  <testcase classname="Udemy.SignUpTests" name="signByx" time="0.002"/>
</testsuite> <!-- Udemy.SignUpTests -->
